<?xml version="1.0" encoding="UTF-8"?>
<coverage generated="1666774847748" clover="3.2.0">
  <project timestamp="1666774847748" name="All files">
    <metrics statements="28" coveredstatements="28" conditionals="0" coveredconditionals="0" methods="9" coveredmethods="9" elements="37" coveredelements="37" complexity="0" loc="28" ncloc="28" packages="1" files="2" classes="2"/>
    <file name="bankAccount.js" path="/Users/adaoub/Desktop/Makers-Projects/Bank_Test/bankAccount.js">
      <metrics statements="17" coveredstatements="17" conditionals="0" coveredconditionals="0" methods="5" coveredmethods="5"/>
      <line num="3" count="7" type="stmt"/>
      <line num="4" count="7" type="stmt"/>
      <line num="7" count="7" type="stmt"/>
      <line num="8" count="10" type="stmt"/>
      <line num="9" count="10" type="stmt"/>
      <line num="10" count="10" type="stmt"/>
      <line num="12" count="10" type="stmt"/>
      <line num="20" count="7" type="stmt"/>
      <line num="21" count="5" type="stmt"/>
      <line num="22" count="5" type="stmt"/>
      <line num="23" count="5" type="stmt"/>
      <line num="25" count="5" type="stmt"/>
      <line num="33" count="7" type="stmt"/>
      <line num="34" count="2" type="stmt"/>
      <line num="37" count="7" type="stmt"/>
      <line num="38" count="3" type="stmt"/>
      <line num="42" count="2" type="stmt"/>
    </file>
    <file name="formatter.js" path="/Users/adaoub/Desktop/Makers-Projects/Bank_Test/formatter.js">
      <metrics statements="11" coveredstatements="11" conditionals="0" coveredconditionals="0" methods="4" coveredmethods="4"/>
      <line num="1" count="1" type="stmt"/>
      <line num="5" count="2" type="stmt"/>
      <line num="10" count="2" type="stmt"/>
      <line num="11" count="1" type="stmt"/>
      <line num="16" count="2" type="stmt"/>
      <line num="17" count="1" type="stmt"/>
      <line num="18" count="1" type="stmt"/>
      <line num="19" count="1" type="stmt"/>
      <line num="21" count="3" type="stmt"/>
      <line num="24" count="1" type="stmt"/>
      <line num="28" count="1" type="stmt"/>
    </file>
  </project>
</coverage>
