TN:
SF:bankAccount.js
FN:2,(anonymous_0)
FN:7,(anonymous_1)
FN:20,(anonymous_2)
FN:33,(anonymous_3)
FN:37,(anonymous_4)
FNF:5
FNH:5
FNDA:7,(anonymous_0)
FNDA:10,(anonymous_1)
FNDA:5,(anonymous_2)
FNDA:2,(anonymous_3)
FNDA:3,(anonymous_4)
DA:3,7
DA:4,7
DA:7,7
DA:8,10
DA:9,10
DA:10,10
DA:12,10
DA:20,7
DA:21,5
DA:22,5
DA:23,5
DA:25,5
DA:33,7
DA:34,2
DA:37,7
DA:38,3
DA:42,2
LF:17
LH:17
BRF:0
BRH:0
end_of_record
TN:
SF:formatter.js
FN:4,(anonymous_0)
FN:10,(anonymous_1)
FN:16,(anonymous_2)
FN:20,(anonymous_3)
FNF:4
FNH:4
FNDA:2,(anonymous_0)
FNDA:1,(anonymous_1)
FNDA:1,(anonymous_2)
FNDA:3,(anonymous_3)
DA:1,1
DA:5,2
DA:10,2
DA:11,1
DA:16,2
DA:17,1
DA:18,1
DA:19,1
DA:21,3
DA:24,1
DA:28,1
LF:11
LH:11
BRF:0
BRH:0
end_of_record
